Unity Editor version:    2020.3.28f1 (f5400f52e03f)
Branch:                  2020.3/staging
Build type:              Release
Batch mode:              YES
macOS version:           Version 11.2.3 (Build 20D91)
Darwin version:          20.3.0
Architecture:            x86_64
Running under Rosetta:   NO
Available memory:        8192 MB
Using pre-set license
Pro License: NO

COMMAND LINE ARGUMENTS:
/Applications/Unity/Hub/Editor/2020.3.28f1/Unity.app/Contents/MacOS/Unity
-adb2
-batchMode
-noUpm
-name
AssetImportWorker0
-projectPath
/Users/markusagnsgaard/4.semester/Game dev/Prop
-logFile
Logs/AssetImportWorker0.log
-srvPort
53510
Successfully changed project path to: /Users/markusagnsgaard/4.semester/Game dev/Prop
/Users/markusagnsgaard/4.semester/Game dev/Prop
Using Asset Import Pipeline V2.
Refreshing native plugins compatible for Editor in 46.24 ms, found 2 plugins.
Preloading 0 native plugins for Editor in 0.00 ms.
Initialize engine version: 2020.3.28f1 (f5400f52e03f)
[Subsystems] Discovering subsystems at path /Applications/Unity/Hub/Editor/2020.3.28f1/Unity.app/Contents/Resources/UnitySubsystems
[Subsystems] Discovering subsystems at path /Users/markusagnsgaard/4.semester/Game dev/Prop/Assets
GfxDevice: creating device client; threaded=0
2022-06-27 23:55:32.201 Unity[5142:359506] Color LCD preferred device: Intel(R) Iris(TM) Plus Graphics 655 (low power)
2022-06-27 23:55:32.201 Unity[5142:359506] Metal devices available: 1
2022-06-27 23:55:32.201 Unity[5142:359506] 0: Intel(R) Iris(TM) Plus Graphics 655 (low power)
2022-06-27 23:55:32.202 Unity[5142:359506] Using device Intel(R) Iris(TM) Plus Graphics 655 (low power)
Initializing Metal device caps: Intel(R) Iris(TM) Plus Graphics 655
Initialize mono
Mono path[0] = '/Applications/Unity/Hub/Editor/2020.3.28f1/Unity.app/Contents/Managed'
Mono path[1] = '/Applications/Unity/Hub/Editor/2020.3.28f1/Unity.app/Contents/MonoBleedingEdge/lib/mono/unityjit'
Mono config path = '/Applications/Unity/Hub/Editor/2020.3.28f1/Unity.app/Contents/MonoBleedingEdge/etc'
Using monoOptions --debugger-agent=transport=dt_socket,embedding=1,server=y,suspend=n,address=127.0.0.1:56142
Begin MonoManager ReloadAssembly
Registering precompiled unity dll's ...
Register platform support module: /Applications/Unity/Hub/Editor/2020.3.28f1/Unity.app/Contents/PlaybackEngines/MacStandaloneSupport/UnityEditor.OSXStandalone.Extensions.dll
Registered in 0.003572 seconds.
Native extension for OSXStandalone target not found
Refreshing native plugins compatible for Editor in 33.22 ms, found 2 plugins.
Preloading 0 native plugins for Editor in 0.00 ms.
Mono: successfully reloaded assembly
- Completed reload, in  0.798 seconds
Domain Reload Profiling:
	ReloadAssembly (798ms)
		BeginReloadAssembly (120ms)
			ExecutionOrderSort (0ms)
			DisableScriptedObjects (0ms)
			BackupInstance (0ms)
			ReleaseScriptingObjects (0ms)
			CreateAndSetChildDomain (1ms)
		EndReloadAssembly (586ms)
			LoadAssemblies (121ms)
			RebuildTransferFunctionScriptingTraits (0ms)
			SetupTypeCache (220ms)
			ReleaseScriptCaches (0ms)
			RebuildScriptCaches (48ms)
			SetupLoadedEditorAssemblies (215ms)
				LogAssemblyErrors (0ms)
				InitializePlatformSupportModulesInManaged (6ms)
				SetLoadedEditorAssemblies (0ms)
				RefreshPlugins (33ms)
				BeforeProcessingInitializeOnLoad (9ms)
				ProcessInitializeOnLoadAttributes (131ms)
				ProcessInitializeOnLoadMethodAttributes (35ms)
				AfterProcessingInitializeOnLoad (0ms)
				EditorAssembliesLoaded (0ms)
			ExecutionOrderSort2 (0ms)
			AwakeInstancesAfterBackupRestoration (0ms)
Platform modules already initialized, skipping
Registering precompiled user dll's ...
Registered in 0.008058 seconds.
Begin MonoManager ReloadAssembly
Native extension for OSXStandalone target not found
Refreshing native plugins compatible for Editor in 0.37 ms, found 2 plugins.
Preloading 0 native plugins for Editor in 0.00 ms.
Mono: successfully reloaded assembly
- Completed reload, in  1.299 seconds
Domain Reload Profiling:
	ReloadAssembly (1299ms)
		BeginReloadAssembly (189ms)
			ExecutionOrderSort (0ms)
			DisableScriptedObjects (6ms)
			BackupInstance (0ms)
			ReleaseScriptingObjects (0ms)
			CreateAndSetChildDomain (40ms)
		EndReloadAssembly (1035ms)
			LoadAssemblies (114ms)
			RebuildTransferFunctionScriptingTraits (0ms)
			SetupTypeCache (390ms)
			ReleaseScriptCaches (0ms)
			RebuildScriptCaches (63ms)
			SetupLoadedEditorAssemblies (342ms)
				LogAssemblyErrors (0ms)
				InitializePlatformSupportModulesInManaged (5ms)
				SetLoadedEditorAssemblies (1ms)
				RefreshPlugins (0ms)
				BeforeProcessingInitializeOnLoad (55ms)
				ProcessInitializeOnLoadAttributes (266ms)
				ProcessInitializeOnLoadMethodAttributes (13ms)
				AfterProcessingInitializeOnLoad (2ms)
				EditorAssembliesLoaded (1ms)
			ExecutionOrderSort2 (0ms)
			AwakeInstancesAfterBackupRestoration (9ms)
Platform modules already initialized, skipping
Validating Project structure ... 0.003389 seconds.
Shader import version has changed; will reimport all shaders...
Upgrading shader files ...0.004594 seconds.
Application.AssetDatabase Initial Script Refresh Start
RefreshInfo: InitialScriptRefreshV2(NoUpdateAssetOptions) scanfilter:  ... 1 filters
RefreshProfiler: Total: 0.000ms
Application.AssetDatabase Initial Script Refresh End
Application.AssetDatabase.Refresh Start
Application.AssetDatabase.Refresh End
RefreshInfo: StopAssetImportingV2(ForceSynchronousImport) scanfilter: 
RefreshProfiler: Total: 0.000ms
Launching external process: /Applications/Unity/Hub/Editor/2020.3.28f1/Unity.app/Contents/Tools/UnityShaderCompiler
Launched and connected shader compiler UnityShaderCompiler after 0.01 seconds
Initializing Unity extensions:
========================================================================
Worker process is ready to serve import requests
Refreshing native plugins compatible for Editor in 0.31 ms, found 2 plugins.
Preloading 0 native plugins for Editor in 0.00 ms.
Unloading 1510 Unused Serialized files (Serialized files now loaded: 0)
System memory in use before: 192.5 MB.
System memory in use after: 192.4 MB.

Unloading 78 unused Assets to reduce memory usage. Loaded Objects now: 1998.
Total: 2.854182 ms (FindLiveObjects: 0.126408 ms CreateObjectMapping: 0.048195 ms MarkObjects: 2.504585 ms  DeleteObjects: 0.174431 ms)

AssetImportParameters requested are different than current active one (requested -> active):
  custom:video-decoder-ogg-theora: a1e56fd34408186e4bbccfd4996cb3dc -> 
  custom:container-muxer-webm: aa71ff27fc2769a1b78a27578f13a17b -> 
  custom:container-demuxer-webm: 4f35f7cbe854078d1ac9338744f61a02 -> 
  custom:container-demuxer-ogg: 62fdf1f143b41e24485cea50d1cbac27 -> 
  custom:video-encoder-webm-vp8: eb34c28f22e8b96e1ab97ce403110664 -> 
  custom:framework-osx-AVFoundation: e770b220cccbd017edd2c1fefb359320 -> 
  custom:video-decoder-webm-vp8: 9c59270c3fd7afecdb556c50c9e8de78 -> 
  custom:audio-decoder-ogg-vorbis: bf7c407c2cedff20999df2af8eb42d56 -> 
  custom:audio-encoder-webm-vorbis: bf7c407c2cedff20999df2af8eb42d56 -> 
========================================================================
Received Import Request.
  path: Assets/Standard Assets/Effects/ImageEffects/Shaders
  artifactKey: Guid(612edd28f200c497387687c2e0184280) Importer(815301076,1909f56bfc062723c751e8b465ee728b)
Start importing Assets/Standard Assets/Effects/ImageEffects/Shaders using Guid(612edd28f200c497387687c2e0184280) Importer(815301076,1909f56bfc062723c751e8b465ee728b)  -> (artifact id: '540bff2d0b3d476e6e0d3d06d3f30061') in 0.003217 seconds 
  Import took 0.008608 seconds .

========================================================================
Received Import Request.
  Time since last request: 2.789953 seconds.
  path: Assets/MentalDreamsAssets/PropsPack
  artifactKey: Guid(d7b46adcba41a447ab632f64541ae61a) Importer(815301076,1909f56bfc062723c751e8b465ee728b)
Start importing Assets/MentalDreamsAssets/PropsPack using Guid(d7b46adcba41a447ab632f64541ae61a) Importer(815301076,1909f56bfc062723c751e8b465ee728b)  -> (artifact id: '7cb834e014ab6490acd4295cf06084e4') in 0.001947 seconds 
  Import took 0.010494 seconds .

========================================================================
Received Import Request.
  Time since last request: 1.639584 seconds.
  path: Assets/MentalDreamsAssets/PropsPack/Mesh
  artifactKey: Guid(f82cb4ae5d90c469c9906e31068b96fb) Importer(815301076,1909f56bfc062723c751e8b465ee728b)
Start importing Assets/MentalDreamsAssets/PropsPack/Mesh using Guid(f82cb4ae5d90c469c9906e31068b96fb) Importer(815301076,1909f56bfc062723c751e8b465ee728b)  -> (artifact id: '286dae5bc0fd0d5517b1a11819b4e0fb') in 0.001286 seconds 
  Import took 0.009415 seconds .

========================================================================
Received Import Request.
  Time since last request: 0.088606 seconds.
  path: Assets/MentalDreamsAssets/PropsPack/Mesh/giris_ground.jpg
  artifactKey: Guid(871a964dd9f698d498477d7112377c18) Importer(815301076,1909f56bfc062723c751e8b465ee728b)
Start importing Assets/MentalDreamsAssets/PropsPack/Mesh/giris_ground.jpg using Guid(871a964dd9f698d498477d7112377c18) Importer(815301076,1909f56bfc062723c751e8b465ee728b)  -> (artifact id: '36c80c1dd29ee3d760712c7c41eac1d6') in 1.186688 seconds 
  Import took 1.195828 seconds .

========================================================================
Received Import Request.
  Time since last request: 0.000257 seconds.
  path: Assets/MentalDreamsAssets/PropsPack/Mesh/giris_wall.jpg
  artifactKey: Guid(adceb2f9e212bc843b51251a5587a6bc) Importer(815301076,1909f56bfc062723c751e8b465ee728b)
Start importing Assets/MentalDreamsAssets/PropsPack/Mesh/giris_wall.jpg using Guid(adceb2f9e212bc843b51251a5587a6bc) Importer(815301076,1909f56bfc062723c751e8b465ee728b)  -> (artifact id: 'd63e69aae0751a7c66837d92632f36be') in 0.015845 seconds 
  Import took 0.018551 seconds .

========================================================================
Received Import Request.
  Time since last request: 9.148479 seconds.
  path: Assets/GREEN.mat
  artifactKey: Guid(932f5f6e36537460fa47b124306160c6) Importer(815301076,1909f56bfc062723c751e8b465ee728b)
Start importing Assets/GREEN.mat using Guid(932f5f6e36537460fa47b124306160c6) Importer(815301076,1909f56bfc062723c751e8b465ee728b)  -> (artifact id: 'ff82f62fecff192e148bff10c1d15a61') in 1.081252 seconds 
  Import took 1.090842 seconds .

========================================================================
Received Prepare
Registering precompiled user dll's ...
Registered in 0.003709 seconds.
Begin MonoManager ReloadAssembly
Native extension for OSXStandalone target not found
Refreshing native plugins compatible for Editor in 0.34 ms, found 2 plugins.
Preloading 0 native plugins for Editor in 0.00 ms.
Mono: successfully reloaded assembly
- Completed reload, in  1.280 seconds
Domain Reload Profiling:
	ReloadAssembly (1281ms)
		BeginReloadAssembly (156ms)
			ExecutionOrderSort (0ms)
			DisableScriptedObjects (5ms)
			BackupInstance (0ms)
			ReleaseScriptingObjects (0ms)
			CreateAndSetChildDomain (77ms)
		EndReloadAssembly (1048ms)
			LoadAssemblies (93ms)
			RebuildTransferFunctionScriptingTraits (0ms)
			SetupTypeCache (395ms)
			ReleaseScriptCaches (1ms)
			RebuildScriptCaches (59ms)
			SetupLoadedEditorAssemblies (370ms)
				LogAssemblyErrors (0ms)
				InitializePlatformSupportModulesInManaged (5ms)
				SetLoadedEditorAssemblies (1ms)
				RefreshPlugins (0ms)
				BeforeProcessingInitializeOnLoad (105ms)
				ProcessInitializeOnLoadAttributes (247ms)
				ProcessInitializeOnLoadMethodAttributes (10ms)
				AfterProcessingInitializeOnLoad (2ms)
				EditorAssembliesLoaded (0ms)
			ExecutionOrderSort2 (0ms)
			AwakeInstancesAfterBackupRestoration (8ms)
Platform modules already initialized, skipping
Refreshing native plugins compatible for Editor in 0.80 ms, found 2 plugins.
Preloading 0 native plugins for Editor in 0.00 ms.
Unloading 1499 Unused Serialized files (Serialized files now loaded: 0)
System memory in use before: 201.9 MB.
System memory in use after: 202.0 MB.

Unloading 16 unused Assets to reduce memory usage. Loaded Objects now: 2041.
Total: 3.024551 ms (FindLiveObjects: 0.153334 ms CreateObjectMapping: 0.047455 ms MarkObjects: 2.795325 ms  DeleteObjects: 0.027459 ms)

AssetImportParameters requested are different than current active one (requested -> active):
  custom:video-decoder-ogg-theora: a1e56fd34408186e4bbccfd4996cb3dc -> 
  custom:container-muxer-webm: aa71ff27fc2769a1b78a27578f13a17b -> 
  custom:container-demuxer-webm: 4f35f7cbe854078d1ac9338744f61a02 -> 
  custom:container-demuxer-ogg: 62fdf1f143b41e24485cea50d1cbac27 -> 
  custom:video-encoder-webm-vp8: eb34c28f22e8b96e1ab97ce403110664 -> 
  custom:framework-osx-AVFoundation: e770b220cccbd017edd2c1fefb359320 -> 
  custom:video-decoder-webm-vp8: 9c59270c3fd7afecdb556c50c9e8de78 -> 
  custom:audio-decoder-ogg-vorbis: bf7c407c2cedff20999df2af8eb42d56 -> 
  custom:audio-encoder-webm-vorbis: bf7c407c2cedff20999df2af8eb42d56 -> 
========================================================================
Received Import Request.
  Time since last request: 5.390271 seconds.
  path: Assets/New Terrain.asset
  artifactKey: Guid(21fa75b75049f40d6b49b69f8f9d34e3) Importer(815301076,1909f56bfc062723c751e8b465ee728b)
Start importing Assets/New Terrain.asset using Guid(21fa75b75049f40d6b49b69f8f9d34e3) Importer(815301076,1909f56bfc062723c751e8b465ee728b)  -> (artifact id: 'ee81256f782ca742ede8a8a8e2cd0a56') in 0.400014 seconds 
  Import took 0.405503 seconds .

========================================================================
Received Import Request.
  Time since last request: 0.000267 seconds.
  path: Assets/Terrain.mat
  artifactKey: Guid(79892a881434b497d9e33374e601cd14) Importer(815301076,1909f56bfc062723c751e8b465ee728b)
Start importing Assets/Terrain.mat using Guid(79892a881434b497d9e33374e601cd14) Importer(815301076,1909f56bfc062723c751e8b465ee728b)  -> (artifact id: '6d3515c7b3930290055aa29a981041bd') in 0.060650 seconds 
  Import took 0.063674 seconds .

========================================================================
Received Import Request.
  Time since last request: 4.988316 seconds.
  path: Assets/MentalDreamsAssets/PropsPack/Mesh/Barrel
  artifactKey: Guid(bc8934dc40da449cca8ed3cc1df0ee87) Importer(815301076,1909f56bfc062723c751e8b465ee728b)
Start importing Assets/MentalDreamsAssets/PropsPack/Mesh/Barrel using Guid(bc8934dc40da449cca8ed3cc1df0ee87) Importer(815301076,1909f56bfc062723c751e8b465ee728b)  -> (artifact id: '5f722b44f833c6ebf1279e7492cac339') in 0.001527 seconds 
  Import took 0.005606 seconds .

========================================================================
Received Import Request.
  Time since last request: 0.133680 seconds.
  path: Assets/MentalDreamsAssets/PropsPack/Mesh/Barrel/barrel.FBX
  artifactKey: Guid(83214336a895d6c4783299d8e625ceb9) Importer(815301076,1909f56bfc062723c751e8b465ee728b)
Start importing Assets/MentalDreamsAssets/PropsPack/Mesh/Barrel/barrel.FBX using Guid(83214336a895d6c4783299d8e625ceb9) Importer(815301076,1909f56bfc062723c751e8b465ee728b)  -> (artifact id: 'b48d4d6e83c169d5dc2f9321605323ce') in 0.795475 seconds 
  Import took 0.802298 seconds .

========================================================================
Received Import Request.
  Time since last request: 0.000243 seconds.
  path: Assets/MentalDreamsAssets/PropsPack/Mesh/Barrel/varil_diffulse - Kopya.jpg
  artifactKey: Guid(61e79a7b47f1ebe4d85eb84075a7dd33) Importer(815301076,1909f56bfc062723c751e8b465ee728b)
Start importing Assets/MentalDreamsAssets/PropsPack/Mesh/Barrel/varil_diffulse - Kopya.jpg using Guid(61e79a7b47f1ebe4d85eb84075a7dd33) Importer(815301076,1909f56bfc062723c751e8b465ee728b)  -> (artifact id: 'f6ef37d33ba8786724a869f3df4227f8') in 0.025379 seconds 
  Import took 0.028228 seconds .

========================================================================
Received Import Request.
  Time since last request: 0.000256 seconds.
  path: Assets/MentalDreamsAssets/PropsPack/Mesh/Barrel/varil_diffulse.jpg
  artifactKey: Guid(2e8e8acd0ef5bda43bd9bad43fe7088e) Importer(815301076,1909f56bfc062723c751e8b465ee728b)
Start importing Assets/MentalDreamsAssets/PropsPack/Mesh/Barrel/varil_diffulse.jpg using Guid(2e8e8acd0ef5bda43bd9bad43fe7088e) Importer(815301076,1909f56bfc062723c751e8b465ee728b)  -> (artifact id: '9bf8d62671e128b3d096d54746fb0fc6') in 0.013899 seconds 
  Import took 0.016997 seconds .

========================================================================
Received Import Request.
  Time since last request: 3.169522 seconds.
  path: Assets/MentalDreamsAssets/PropsPack/Mesh/Cabinet/cabinet.fbx
  artifactKey: Guid(6a8de9c6b1be28544a92fddfa2e71186) Importer(815301076,1909f56bfc062723c751e8b465ee728b)
Start importing Assets/MentalDreamsAssets/PropsPack/Mesh/Cabinet/cabinet.fbx using Guid(6a8de9c6b1be28544a92fddfa2e71186) Importer(815301076,1909f56bfc062723c751e8b465ee728b)  -> (artifact id: '67579286e96ab92af9687f5f6366ea64') in 0.407652 seconds 
  Import took 0.413919 seconds .

========================================================================
Received Import Request.
  Time since last request: 0.000283 seconds.
  path: Assets/MentalDreamsAssets/PropsPack/Mesh/Cabinet/demirdolap_normalxc.png
  artifactKey: Guid(b5608efa1668cd0478a7a466fd283d21) Importer(815301076,1909f56bfc062723c751e8b465ee728b)
Start importing Assets/MentalDreamsAssets/PropsPack/Mesh/Cabinet/demirdolap_normalxc.png using Guid(b5608efa1668cd0478a7a466fd283d21) Importer(815301076,1909f56bfc062723c751e8b465ee728b)  -> (artifact id: '7e8ddd341ae2f92d950b409d3cb9af92') in 0.826432 seconds 
  Import took 0.834693 seconds .

========================================================================
Received Import Request.
  Time since last request: 0.000427 seconds.
  path: Assets/MentalDreamsAssets/PropsPack/Mesh/shelf/shelf.fbx
  artifactKey: Guid(ab1be62d0fa9f5f42bdafc3babed321c) Importer(815301076,1909f56bfc062723c751e8b465ee728b)
Start importing Assets/MentalDreamsAssets/PropsPack/Mesh/shelf/shelf.fbx using Guid(ab1be62d0fa9f5f42bdafc3babed321c) Importer(815301076,1909f56bfc062723c751e8b465ee728b)  -> (artifact id: 'e9cfa7a1c737492c977053c21f98b0da') in 0.072056 seconds 
  Import took 0.076003 seconds .

========================================================================
Received Import Request.
  Time since last request: 0.000270 seconds.
  path: Assets/MentalDreamsAssets/PropsPack/Mesh/palette_box/palette_box.fbx
  artifactKey: Guid(198c1753a601ab546a1ce34b3b36cc6b) Importer(815301076,1909f56bfc062723c751e8b465ee728b)
Start importing Assets/MentalDreamsAssets/PropsPack/Mesh/palette_box/palette_box.fbx using Guid(198c1753a601ab546a1ce34b3b36cc6b) Importer(815301076,1909f56bfc062723c751e8b465ee728b)  -> (artifact id: '070d1221ae22dde0cc66b8253e226b92') in 0.588761 seconds 
  Import took 0.592610 seconds .

========================================================================
Received Import Request.
  Time since last request: 0.000256 seconds.
  path: Assets/MentalDreamsAssets/PropsPack/Mesh/palette_box/koli_normals.png
  artifactKey: Guid(4ddc1464e7e01a540ba74a350aab0621) Importer(815301076,1909f56bfc062723c751e8b465ee728b)
Start importing Assets/MentalDreamsAssets/PropsPack/Mesh/palette_box/koli_normals.png using Guid(4ddc1464e7e01a540ba74a350aab0621) Importer(815301076,1909f56bfc062723c751e8b465ee728b)  -> (artifact id: '19e1439d5624a6dd925c10a10ab0f10a') in 0.007207 seconds 
  Import took 0.009498 seconds .

========================================================================
Received Import Request.
  Time since last request: 0.000250 seconds.
  path: Assets/MentalDreamsAssets/PropsPack/Mesh/palette_box/koli.png
  artifactKey: Guid(7b9eddec47925554b914e180d59cd778) Importer(815301076,1909f56bfc062723c751e8b465ee728b)
Start importing Assets/MentalDreamsAssets/PropsPack/Mesh/palette_box/koli.png using Guid(7b9eddec47925554b914e180d59cd778) Importer(815301076,1909f56bfc062723c751e8b465ee728b)  -> (artifact id: '17c590ff278d17d1d68845eeb26d6f56') in 0.008012 seconds 
  Import took 0.010761 seconds .

========================================================================
Received Import Request.
  Time since last request: 0.000198 seconds.
  path: Assets/MentalDreamsAssets/PropsPack/Mesh/palette_box/kutu_normals2.png
  artifactKey: Guid(5bbcb63f1e486e84c929bee472f211c2) Importer(815301076,1909f56bfc062723c751e8b465ee728b)
Start importing Assets/MentalDreamsAssets/PropsPack/Mesh/palette_box/kutu_normals2.png using Guid(5bbcb63f1e486e84c929bee472f211c2) Importer(815301076,1909f56bfc062723c751e8b465ee728b)  -> (artifact id: '2495ae3c2a82c723a0a1d47729136190') in 0.007753 seconds 
  Import took 0.009896 seconds .

========================================================================
Received Import Request.
  Time since last request: 0.000191 seconds.
  path: Assets/MentalDreamsAssets/PropsPack/Mesh/palette_box/kutu_diffuse.png
  artifactKey: Guid(2ac872276406af442ab248f0237eca28) Importer(815301076,1909f56bfc062723c751e8b465ee728b)
Start importing Assets/MentalDreamsAssets/PropsPack/Mesh/palette_box/kutu_diffuse.png using Guid(2ac872276406af442ab248f0237eca28) Importer(815301076,1909f56bfc062723c751e8b465ee728b)  -> (artifact id: '25b503ead268cca49084cc21bac019e3') in 0.010151 seconds 
  Import took 0.012911 seconds .

========================================================================
Received Import Request.
  Time since last request: 0.000189 seconds.
  path: Assets/MentalDreamsAssets/PropsPack/Mesh/shelf/shelf_norm.png
  artifactKey: Guid(657504ab1dd422044a1c078937a03955) Importer(815301076,1909f56bfc062723c751e8b465ee728b)
Start importing Assets/MentalDreamsAssets/PropsPack/Mesh/shelf/shelf_norm.png using Guid(657504ab1dd422044a1c078937a03955) Importer(815301076,1909f56bfc062723c751e8b465ee728b)  -> (artifact id: '7f6f672bc43935d03a34d6ea9f6556a5') in 0.008343 seconds 
  Import took 0.011294 seconds .

========================================================================
Received Import Request.
  Time since last request: 0.000185 seconds.
  path: Assets/MentalDreamsAssets/PropsPack/Mesh/whell/73569addd3c7.jpg
  artifactKey: Guid(14ea07436c9a858428eef78203e79d80) Importer(815301076,1909f56bfc062723c751e8b465ee728b)
Start importing Assets/MentalDreamsAssets/PropsPack/Mesh/whell/73569addd3c7.jpg using Guid(14ea07436c9a858428eef78203e79d80) Importer(815301076,1909f56bfc062723c751e8b465ee728b)  -> (artifact id: '57034223a2379f6e987cb805e210a724') in 0.014652 seconds 
  Import took 0.017864 seconds .

========================================================================
Received Import Request.
  Time since last request: 0.000302 seconds.
  path: Assets/MentalDreamsAssets/PropsPack/Mesh/whell/wheel.jpg
  artifactKey: Guid(790c02a4cc6d7ad41a0b1edb1fb86af8) Importer(815301076,1909f56bfc062723c751e8b465ee728b)
Start importing Assets/MentalDreamsAssets/PropsPack/Mesh/whell/wheel.jpg using Guid(790c02a4cc6d7ad41a0b1edb1fb86af8) Importer(815301076,1909f56bfc062723c751e8b465ee728b)  -> (artifact id: '7bb13210d44307a5b78278cdee775b54') in 0.017720 seconds 
  Import took 0.021118 seconds .

========================================================================
Received Import Request.
  Time since last request: 0.000205 seconds.
  path: Assets/MentalDreamsAssets/PropsPack/Mesh/Cabinet/demirdolap_diffuse.png
  artifactKey: Guid(59a4d70008e68c64097aee031334a065) Importer(815301076,1909f56bfc062723c751e8b465ee728b)
Start importing Assets/MentalDreamsAssets/PropsPack/Mesh/Cabinet/demirdolap_diffuse.png using Guid(59a4d70008e68c64097aee031334a065) Importer(815301076,1909f56bfc062723c751e8b465ee728b)  -> (artifact id: 'b3eee11a71c0c139cac70561cf8bd8eb') in 0.008908 seconds 
  Import took 0.011277 seconds .

========================================================================
Received Import Request.
  Time since last request: 0.000186 seconds.
  path: Assets/MentalDreamsAssets/PropsPack/Mesh/shelf/shelf.png
  artifactKey: Guid(9809a3b6b7e936c44a34df5ebfca1f13) Importer(815301076,1909f56bfc062723c751e8b465ee728b)
Start importing Assets/MentalDreamsAssets/PropsPack/Mesh/shelf/shelf.png using Guid(9809a3b6b7e936c44a34df5ebfca1f13) Importer(815301076,1909f56bfc062723c751e8b465ee728b)  -> (artifact id: 'd35b95c71de727a02fbef6a74b0bdafa') in 0.009503 seconds 
  Import took 0.013187 seconds .

========================================================================
Received Import Request.
  Time since last request: 0.000268 seconds.
  path: Assets/MentalDreamsAssets/PropsPack/Mesh/whell/arabaLastigi.FBX
  artifactKey: Guid(9182a173459a8f24986f0b817deee93b) Importer(815301076,1909f56bfc062723c751e8b465ee728b)
Start importing Assets/MentalDreamsAssets/PropsPack/Mesh/whell/arabaLastigi.FBX using Guid(9182a173459a8f24986f0b817deee93b) Importer(815301076,1909f56bfc062723c751e8b465ee728b)  -> (artifact id: 'a9447359e3762dd9ef604123ab8dba3d') in 0.064217 seconds 
  Import took 0.067423 seconds .

========================================================================
Received Import Request.
  Time since last request: 0.000218 seconds.
  path: Assets/MentalDreamsAssets/PropsPack/Mesh/whell/citroen_berlingoNorm.png
  artifactKey: Guid(fc85f5535af001c4d8fcbbf64ca93d60) Importer(815301076,1909f56bfc062723c751e8b465ee728b)
Start importing Assets/MentalDreamsAssets/PropsPack/Mesh/whell/citroen_berlingoNorm.png using Guid(fc85f5535af001c4d8fcbbf64ca93d60) Importer(815301076,1909f56bfc062723c751e8b465ee728b)  -> (artifact id: '8e40e464a8edafbbc5a2ba20515e8daa') in 0.011687 seconds 
  Import took 0.015039 seconds .

========================================================================
Received Import Request.
  Time since last request: 0.000234 seconds.
  path: Assets/MentalDreamsAssets/PropsPack/Mesh/Cabinet/demirdolap_sds.png
  artifactKey: Guid(1622239be4140cf439a260c4d200ab74) Importer(815301076,1909f56bfc062723c751e8b465ee728b)
Start importing Assets/MentalDreamsAssets/PropsPack/Mesh/Cabinet/demirdolap_sds.png using Guid(1622239be4140cf439a260c4d200ab74) Importer(815301076,1909f56bfc062723c751e8b465ee728b)  -> (artifact id: 'abb6ff0658011566fc9c19c1bced11c1') in 0.039891 seconds 
  Import took 0.043240 seconds .

========================================================================
Received Prepare
Registering precompiled user dll's ...
Registered in 0.008488 seconds.
Begin MonoManager ReloadAssembly
Native extension for OSXStandalone target not found
Refreshing native plugins compatible for Editor in 0.38 ms, found 2 plugins.
Preloading 0 native plugins for Editor in 0.00 ms.
Mono: successfully reloaded assembly
- Completed reload, in  1.426 seconds
Domain Reload Profiling:
	ReloadAssembly (1428ms)
		BeginReloadAssembly (265ms)
			ExecutionOrderSort (0ms)
			DisableScriptedObjects (9ms)
			BackupInstance (0ms)
			ReleaseScriptingObjects (0ms)
			CreateAndSetChildDomain (113ms)
		EndReloadAssembly (1083ms)
			LoadAssemblies (171ms)
			RebuildTransferFunctionScriptingTraits (0ms)
			SetupTypeCache (406ms)
			ReleaseScriptCaches (1ms)
			RebuildScriptCaches (57ms)
			SetupLoadedEditorAssemblies (375ms)
				LogAssemblyErrors (0ms)
				InitializePlatformSupportModulesInManaged (5ms)
				SetLoadedEditorAssemblies (1ms)
				RefreshPlugins (0ms)
				BeforeProcessingInitializeOnLoad (103ms)
				ProcessInitializeOnLoadAttributes (250ms)
				ProcessInitializeOnLoadMethodAttributes (14ms)
				AfterProcessingInitializeOnLoad (1ms)
				EditorAssembliesLoaded (0ms)
			ExecutionOrderSort2 (0ms)
			AwakeInstancesAfterBackupRestoration (10ms)
Platform modules already initialized, skipping
Refreshing native plugins compatible for Editor in 0.36 ms, found 2 plugins.
Preloading 0 native plugins for Editor in 0.00 ms.
Unloading 1499 Unused Serialized files (Serialized files now loaded: 0)
System memory in use before: 220.5 MB.
System memory in use after: 220.6 MB.

Unloading 14 unused Assets to reduce memory usage. Loaded Objects now: 2055.
Total: 3.521558 ms (FindLiveObjects: 0.201490 ms CreateObjectMapping: 0.159094 ms MarkObjects: 3.128997 ms  DeleteObjects: 0.031052 ms)

AssetImportParameters requested are different than current active one (requested -> active):
  custom:video-decoder-ogg-theora: a1e56fd34408186e4bbccfd4996cb3dc -> 
  custom:container-muxer-webm: aa71ff27fc2769a1b78a27578f13a17b -> 
  custom:container-demuxer-webm: 4f35f7cbe854078d1ac9338744f61a02 -> 
  custom:container-demuxer-ogg: 62fdf1f143b41e24485cea50d1cbac27 -> 
  custom:video-encoder-webm-vp8: eb34c28f22e8b96e1ab97ce403110664 -> 
  custom:framework-osx-AVFoundation: e770b220cccbd017edd2c1fefb359320 -> 
  custom:video-decoder-webm-vp8: 9c59270c3fd7afecdb556c50c9e8de78 -> 
  custom:audio-decoder-ogg-vorbis: bf7c407c2cedff20999df2af8eb42d56 -> 
  custom:audio-encoder-webm-vorbis: bf7c407c2cedff20999df2af8eb42d56 -> 
========================================================================
Received Import Request.
  Time since last request: 147.591061 seconds.
  path: Assets/MentalDreamsAssets/PropsPack/Mesh/box2/boxes.FBX
  artifactKey: Guid(c2a670461d1e98640a95085deb55889c) Importer(815301076,1909f56bfc062723c751e8b465ee728b)
Start importing Assets/MentalDreamsAssets/PropsPack/Mesh/box2/boxes.FBX using Guid(c2a670461d1e98640a95085deb55889c) Importer(815301076,1909f56bfc062723c751e8b465ee728b)  -> (artifact id: 'f1b589f571a87c585bde5a7e6cec2c1f') in 0.151351 seconds 
  Import took 0.158120 seconds .

========================================================================
Received Import Request.
  Time since last request: 0.000265 seconds.
  path: Assets/MentalDreamsAssets/PropsPack/Mesh/box2/boxesNormal.jpg
  artifactKey: Guid(61ac289da7eb6674db9c9402fa28b81e) Importer(815301076,1909f56bfc062723c751e8b465ee728b)
Start importing Assets/MentalDreamsAssets/PropsPack/Mesh/box2/boxesNormal.jpg using Guid(61ac289da7eb6674db9c9402fa28b81e) Importer(815301076,1909f56bfc062723c751e8b465ee728b)  -> (artifact id: '8101edadd06f373d8332127e046b1e12') in 0.026223 seconds 
  Import took 0.029522 seconds .

========================================================================
Received Import Request.
  Time since last request: 0.000300 seconds.
  path: Assets/MentalDreamsAssets/PropsPack/Mesh/box2/boxes.jpg
  artifactKey: Guid(465b0e1f3a1e79f4d874b9ae2d48bd9d) Importer(815301076,1909f56bfc062723c751e8b465ee728b)
Start importing Assets/MentalDreamsAssets/PropsPack/Mesh/box2/boxes.jpg using Guid(465b0e1f3a1e79f4d874b9ae2d48bd9d) Importer(815301076,1909f56bfc062723c751e8b465ee728b)  -> (artifact id: '7577e03cacdcfef8b3288db631ef8b54') in 0.012732 seconds 
  Import took 0.016140 seconds .

========================================================================
Received Import Request.
  Time since last request: 1.275744 seconds.
  path: Assets/MentalDreamsAssets/PropsPack/Mesh/Box/box.fbx
  artifactKey: Guid(0ee24776eaaff2f44b5d0e68a329c070) Importer(815301076,1909f56bfc062723c751e8b465ee728b)
Start importing Assets/MentalDreamsAssets/PropsPack/Mesh/Box/box.fbx using Guid(0ee24776eaaff2f44b5d0e68a329c070) Importer(815301076,1909f56bfc062723c751e8b465ee728b)  -> (artifact id: '017fa1d15ac05410fadbce5cb997f3bf') in 0.498140 seconds 
  Import took 0.502220 seconds .

========================================================================
Received Import Request.
  Time since last request: 0.000191 seconds.
  path: Assets/MentalDreamsAssets/PropsPack/Mesh/Box/box_diffulse.png
  artifactKey: Guid(6526b23580344044eab4406721d699f2) Importer(815301076,1909f56bfc062723c751e8b465ee728b)
Start importing Assets/MentalDreamsAssets/PropsPack/Mesh/Box/box_diffulse.png using Guid(6526b23580344044eab4406721d699f2) Importer(815301076,1909f56bfc062723c751e8b465ee728b)  -> (artifact id: '43b5a6ace1e67c3cbb3cd1bb578b39f2') in 0.009666 seconds 
  Import took 0.014162 seconds .

========================================================================
Received Import Request.
  Time since last request: 17.444871 seconds.
  path: Assets/MentalDreamsAssets/PropsPack/Mesh/CableReel/cablereel.FBX
  artifactKey: Guid(9d20cca1d8d4bf44b928fd4ba3f21168) Importer(815301076,1909f56bfc062723c751e8b465ee728b)
Start importing Assets/MentalDreamsAssets/PropsPack/Mesh/CableReel/cablereel.FBX using Guid(9d20cca1d8d4bf44b928fd4ba3f21168) Importer(815301076,1909f56bfc062723c751e8b465ee728b)  -> (artifact id: 'd02d1f9306fac333d175400268fd2902') in 0.064212 seconds 
  Import took 0.069150 seconds .

========================================================================
Received Import Request.
  Time since last request: 0.000280 seconds.
  path: Assets/MentalDreamsAssets/PropsPack/Mesh/CableReel/cablereel.jpg
  artifactKey: Guid(3035acec3cf8fa141af27db3b70c3c62) Importer(815301076,1909f56bfc062723c751e8b465ee728b)
Start importing Assets/MentalDreamsAssets/PropsPack/Mesh/CableReel/cablereel.jpg using Guid(3035acec3cf8fa141af27db3b70c3c62) Importer(815301076,1909f56bfc062723c751e8b465ee728b)  -> (artifact id: '1462fba0dfb60b4e9316a1bb45d69f5c') in 0.020970 seconds 
  Import took 0.027759 seconds .

========================================================================
Received Import Request.
  Time since last request: 0.000391 seconds.
  path: Assets/MentalDreamsAssets/PropsPack/Mesh/CableReel/cablereelNorm.jpg
  artifactKey: Guid(8ac233cc10aa4204288b881b0e65440f) Importer(815301076,1909f56bfc062723c751e8b465ee728b)
Start importing Assets/MentalDreamsAssets/PropsPack/Mesh/CableReel/cablereelNorm.jpg using Guid(8ac233cc10aa4204288b881b0e65440f) Importer(815301076,1909f56bfc062723c751e8b465ee728b)  -> (artifact id: 'dbaa242a5cb7936c3844835e8631df33') in 0.018179 seconds 
  Import took 0.024824 seconds .

========================================================================
Received Prepare
Registering precompiled user dll's ...
Registered in 0.004304 seconds.
Begin MonoManager ReloadAssembly
Native extension for OSXStandalone target not found
Refreshing native plugins compatible for Editor in 0.41 ms, found 2 plugins.
Preloading 0 native plugins for Editor in 0.00 ms.
Mono: successfully reloaded assembly
- Completed reload, in  1.474 seconds
Domain Reload Profiling:
	ReloadAssembly (1476ms)
		BeginReloadAssembly (310ms)
			ExecutionOrderSort (0ms)
			DisableScriptedObjects (20ms)
			BackupInstance (0ms)
			ReleaseScriptingObjects (0ms)
			CreateAndSetChildDomain (184ms)
		EndReloadAssembly (1087ms)
			LoadAssemblies (114ms)
			RebuildTransferFunctionScriptingTraits (0ms)
			SetupTypeCache (412ms)
			ReleaseScriptCaches (1ms)
			RebuildScriptCaches (56ms)
			SetupLoadedEditorAssemblies (371ms)
				LogAssemblyErrors (0ms)
				InitializePlatformSupportModulesInManaged (5ms)
				SetLoadedEditorAssemblies (1ms)
				RefreshPlugins (0ms)
				BeforeProcessingInitializeOnLoad (100ms)
				ProcessInitializeOnLoadAttributes (251ms)
				ProcessInitializeOnLoadMethodAttributes (12ms)
				AfterProcessingInitializeOnLoad (1ms)
				EditorAssembliesLoaded (0ms)
			ExecutionOrderSort2 (0ms)
			AwakeInstancesAfterBackupRestoration (9ms)
Platform modules already initialized, skipping
Refreshing native plugins compatible for Editor in 0.39 ms, found 2 plugins.
Preloading 0 native plugins for Editor in 0.00 ms.
Unloading 1499 Unused Serialized files (Serialized files now loaded: 0)
System memory in use before: 221.5 MB.
System memory in use after: 221.6 MB.

Unloading 14 unused Assets to reduce memory usage. Loaded Objects now: 2060.
Total: 3.520957 ms (FindLiveObjects: 0.174724 ms CreateObjectMapping: 0.048315 ms MarkObjects: 3.266855 ms  DeleteObjects: 0.030085 ms)

AssetImportParameters requested are different than current active one (requested -> active):
  custom:video-decoder-ogg-theora: a1e56fd34408186e4bbccfd4996cb3dc -> 
  custom:container-muxer-webm: aa71ff27fc2769a1b78a27578f13a17b -> 
  custom:container-demuxer-webm: 4f35f7cbe854078d1ac9338744f61a02 -> 
  custom:container-demuxer-ogg: 62fdf1f143b41e24485cea50d1cbac27 -> 
  custom:video-encoder-webm-vp8: eb34c28f22e8b96e1ab97ce403110664 -> 
  custom:framework-osx-AVFoundation: e770b220cccbd017edd2c1fefb359320 -> 
  custom:video-decoder-webm-vp8: 9c59270c3fd7afecdb556c50c9e8de78 -> 
  custom:audio-decoder-ogg-vorbis: bf7c407c2cedff20999df2af8eb42d56 -> 
  custom:audio-encoder-webm-vorbis: bf7c407c2cedff20999df2af8eb42d56 -> 
========================================================================
Received Import Request.
  Time since last request: 590.441193 seconds.
  path: Assets/MentalDreamsAssets/PropsPack/Mesh/Cabinet/Materials/demirdolap_diffuse.mat
  artifactKey: Guid(64383a76f31fb3043817a67b17c71955) Importer(815301076,1909f56bfc062723c751e8b465ee728b)
Start importing Assets/MentalDreamsAssets/PropsPack/Mesh/Cabinet/Materials/demirdolap_diffuse.mat using Guid(64383a76f31fb3043817a67b17c71955) Importer(815301076,1909f56bfc062723c751e8b465ee728b)  -> (artifact id: '3240c5f67fd57250b413f063cad65bda') in 0.128939 seconds 
  Import took 0.135715 seconds .

========================================================================
Received Import Request.
  Time since last request: 0.000242 seconds.
  path: Assets/MentalDreamsAssets/PropsPack/Mesh/Cabinet/Materials/KopyasÃ„Â± demirdolap1.mat
  artifactKey: Guid(7360dfc17af03ab49b112e5e4c9a965f) Importer(815301076,1909f56bfc062723c751e8b465ee728b)
Start importing Assets/MentalDreamsAssets/PropsPack/Mesh/Cabinet/Materials/KopyasÃ„Â± demirdolap1.mat using Guid(7360dfc17af03ab49b112e5e4c9a965f) Importer(815301076,1909f56bfc062723c751e8b465ee728b)  -> (artifact id: '74d9445a87b6596ba1b63fb8933b6c64') in 0.023002 seconds 
  Import took 0.026717 seconds .

========================================================================
Received Import Request.
  Time since last request: 0.000394 seconds.
  path: Assets/MentalDreamsAssets/PropsPack/Mesh/Cabinet/Materials/KopyasÃ„Â± demirdolap2.mat
  artifactKey: Guid(290eabc4d34fb9c4c99897ec260ba449) Importer(815301076,1909f56bfc062723c751e8b465ee728b)
Start importing Assets/MentalDreamsAssets/PropsPack/Mesh/Cabinet/Materials/KopyasÃ„Â± demirdolap2.mat using Guid(290eabc4d34fb9c4c99897ec260ba449) Importer(815301076,1909f56bfc062723c751e8b465ee728b)  -> (artifact id: 'c7c749956ab16998f843c10f756a90d1') in 0.032788 seconds 
  Import took 0.036428 seconds .

========================================================================
Received Prepare
Registering precompiled user dll's ...
Registered in 0.003850 seconds.
Begin MonoManager ReloadAssembly
Native extension for OSXStandalone target not found
Refreshing native plugins compatible for Editor in 0.41 ms, found 2 plugins.
Preloading 0 native plugins for Editor in 0.00 ms.
Mono: successfully reloaded assembly
- Completed reload, in  1.419 seconds
Domain Reload Profiling:
	ReloadAssembly (1423ms)
		BeginReloadAssembly (263ms)
			ExecutionOrderSort (0ms)
			DisableScriptedObjects (12ms)
			BackupInstance (0ms)
			ReleaseScriptingObjects (0ms)
			CreateAndSetChildDomain (134ms)
		EndReloadAssembly (1080ms)
			LoadAssemblies (133ms)
			RebuildTransferFunctionScriptingTraits (0ms)
			SetupTypeCache (417ms)
			ReleaseScriptCaches (1ms)
			RebuildScriptCaches (57ms)
			SetupLoadedEditorAssemblies (371ms)
				LogAssemblyErrors (0ms)
				InitializePlatformSupportModulesInManaged (5ms)
				SetLoadedEditorAssemblies (1ms)
				RefreshPlugins (0ms)
				BeforeProcessingInitializeOnLoad (103ms)
				ProcessInitializeOnLoadAttributes (250ms)
				ProcessInitializeOnLoadMethodAttributes (10ms)
				AfterProcessingInitializeOnLoad (2ms)
				EditorAssembliesLoaded (0ms)
			ExecutionOrderSort2 (0ms)
			AwakeInstancesAfterBackupRestoration (9ms)
Platform modules already initialized, skipping
Refreshing native plugins compatible for Editor in 0.39 ms, found 2 plugins.
Preloading 0 native plugins for Editor in 0.00 ms.
Unloading 1499 Unused Serialized files (Serialized files now loaded: 0)
System memory in use before: 221.7 MB.
System memory in use after: 221.8 MB.

Unloading 14 unused Assets to reduce memory usage. Loaded Objects now: 2063.
Total: 3.975118 ms (FindLiveObjects: 0.298232 ms CreateObjectMapping: 0.055020 ms MarkObjects: 3.567870 ms  DeleteObjects: 0.033701 ms)

AssetImportParameters requested are different than current active one (requested -> active):
  custom:video-decoder-ogg-theora: a1e56fd34408186e4bbccfd4996cb3dc -> 
  custom:container-muxer-webm: aa71ff27fc2769a1b78a27578f13a17b -> 
  custom:container-demuxer-webm: 4f35f7cbe854078d1ac9338744f61a02 -> 
  custom:container-demuxer-ogg: 62fdf1f143b41e24485cea50d1cbac27 -> 
  custom:video-encoder-webm-vp8: eb34c28f22e8b96e1ab97ce403110664 -> 
  custom:framework-osx-AVFoundation: e770b220cccbd017edd2c1fefb359320 -> 
  custom:video-decoder-webm-vp8: 9c59270c3fd7afecdb556c50c9e8de78 -> 
  custom:audio-decoder-ogg-vorbis: bf7c407c2cedff20999df2af8eb42d56 -> 
  custom:audio-encoder-webm-vorbis: bf7c407c2cedff20999df2af8eb42d56 -> 
========================================================================
Received Prepare
Registering precompiled user dll's ...
Registered in 0.008308 seconds.
Begin MonoManager ReloadAssembly
Native extension for OSXStandalone target not found
Refreshing native plugins compatible for Editor in 0.38 ms, found 2 plugins.
Preloading 0 native plugins for Editor in 0.00 ms.
Mono: successfully reloaded assembly
- Completed reload, in  1.316 seconds
Domain Reload Profiling:
	ReloadAssembly (1317ms)
		BeginReloadAssembly (195ms)
			ExecutionOrderSort (0ms)
			DisableScriptedObjects (8ms)
			BackupInstance (0ms)
			ReleaseScriptingObjects (0ms)
			CreateAndSetChildDomain (72ms)
		EndReloadAssembly (1042ms)
			LoadAssemblies (154ms)
			RebuildTransferFunctionScriptingTraits (0ms)
			SetupTypeCache (386ms)
			ReleaseScriptCaches (1ms)
			RebuildScriptCaches (56ms)
			SetupLoadedEditorAssemblies (366ms)
				LogAssemblyErrors (0ms)
				InitializePlatformSupportModulesInManaged (5ms)
				SetLoadedEditorAssemblies (1ms)
				RefreshPlugins (0ms)
				BeforeProcessingInitializeOnLoad (101ms)
				ProcessInitializeOnLoadAttributes (245ms)
				ProcessInitializeOnLoadMethodAttributes (13ms)
				AfterProcessingInitializeOnLoad (1ms)
				EditorAssembliesLoaded (0ms)
			ExecutionOrderSort2 (0ms)
			AwakeInstancesAfterBackupRestoration (8ms)
Platform modules already initialized, skipping
Refreshing native plugins compatible for Editor in 0.39 ms, found 2 plugins.
Preloading 0 native plugins for Editor in 0.00 ms.
Unloading 1499 Unused Serialized files (Serialized files now loaded: 0)
System memory in use before: 221.8 MB.
System memory in use after: 222.0 MB.

Unloading 14 unused Assets to reduce memory usage. Loaded Objects now: 2065.
Total: 3.854546 ms (FindLiveObjects: 0.332289 ms CreateObjectMapping: 0.182425 ms MarkObjects: 3.311784 ms  DeleteObjects: 0.027251 ms)

AssetImportParameters requested are different than current active one (requested -> active):
  custom:video-decoder-ogg-theora: a1e56fd34408186e4bbccfd4996cb3dc -> 
  custom:container-muxer-webm: aa71ff27fc2769a1b78a27578f13a17b -> 
  custom:container-demuxer-webm: 4f35f7cbe854078d1ac9338744f61a02 -> 
  custom:container-demuxer-ogg: 62fdf1f143b41e24485cea50d1cbac27 -> 
  custom:video-encoder-webm-vp8: eb34c28f22e8b96e1ab97ce403110664 -> 
  custom:framework-osx-AVFoundation: e770b220cccbd017edd2c1fefb359320 -> 
  custom:video-decoder-webm-vp8: 9c59270c3fd7afecdb556c50c9e8de78 -> 
  custom:audio-decoder-ogg-vorbis: bf7c407c2cedff20999df2af8eb42d56 -> 
  custom:audio-encoder-webm-vorbis: bf7c407c2cedff20999df2af8eb42d56 -> 
========================================================================
Received Import Request.
  Time since last request: 211.158536 seconds.
  path: ProjectSettings/TagManager.asset
  artifactKey: Guid(00000000000000003000000000000000) Importer(815301076,1909f56bfc062723c751e8b465ee728b)
Start importing ProjectSettings/TagManager.asset using Guid(00000000000000003000000000000000) Importer(815301076,1909f56bfc062723c751e8b465ee728b)  -> (artifact id: '3402d2bebd6abba5d3c883141c342c8f') in 0.032367 seconds 
  Import took 0.039302 seconds .

========================================================================
Received Prepare
Registering precompiled user dll's ...
Registered in 0.008689 seconds.
Begin MonoManager ReloadAssembly
Native extension for OSXStandalone target not found
Refreshing native plugins compatible for Editor in 0.44 ms, found 2 plugins.
Preloading 0 native plugins for Editor in 0.00 ms.
Mono: successfully reloaded assembly
- Completed reload, in  1.490 seconds
Domain Reload Profiling:
	ReloadAssembly (1492ms)
		BeginReloadAssembly (308ms)
			ExecutionOrderSort (0ms)
			DisableScriptedObjects (16ms)
			BackupInstance (0ms)
			ReleaseScriptingObjects (0ms)
			CreateAndSetChildDomain (133ms)
		EndReloadAssembly (1105ms)
			LoadAssemblies (188ms)
			RebuildTransferFunctionScriptingTraits (0ms)
			SetupTypeCache (412ms)
			ReleaseScriptCaches (1ms)
			RebuildScriptCaches (57ms)
			SetupLoadedEditorAssemblies (377ms)
				LogAssemblyErrors (0ms)
				InitializePlatformSupportModulesInManaged (5ms)
				SetLoadedEditorAssemblies (1ms)
				RefreshPlugins (0ms)
				BeforeProcessingInitializeOnLoad (106ms)
				ProcessInitializeOnLoadAttributes (250ms)
				ProcessInitializeOnLoadMethodAttributes (14ms)
				AfterProcessingInitializeOnLoad (1ms)
				EditorAssembliesLoaded (0ms)
			ExecutionOrderSort2 (0ms)
			AwakeInstancesAfterBackupRestoration (9ms)
Platform modules already initialized, skipping
Refreshing native plugins compatible for Editor in 0.43 ms, found 2 plugins.
Preloading 0 native plugins for Editor in 0.00 ms.
Unloading 1499 Unused Serialized files (Serialized files now loaded: 0)
System memory in use before: 222.0 MB.
System memory in use after: 222.1 MB.

Unloading 15 unused Assets to reduce memory usage. Loaded Objects now: 2067.
Total: 2.939222 ms (FindLiveObjects: 0.292542 ms CreateObjectMapping: 0.046526 ms MarkObjects: 2.570888 ms  DeleteObjects: 0.028508 ms)

AssetImportParameters requested are different than current active one (requested -> active):
  custom:video-decoder-ogg-theora: a1e56fd34408186e4bbccfd4996cb3dc -> 
  custom:container-muxer-webm: aa71ff27fc2769a1b78a27578f13a17b -> 
  custom:container-demuxer-webm: 4f35f7cbe854078d1ac9338744f61a02 -> 
  custom:container-demuxer-ogg: 62fdf1f143b41e24485cea50d1cbac27 -> 
  custom:video-encoder-webm-vp8: eb34c28f22e8b96e1ab97ce403110664 -> 
  custom:framework-osx-AVFoundation: e770b220cccbd017edd2c1fefb359320 -> 
  custom:video-decoder-webm-vp8: 9c59270c3fd7afecdb556c50c9e8de78 -> 
  custom:audio-decoder-ogg-vorbis: bf7c407c2cedff20999df2af8eb42d56 -> 
  custom:audio-encoder-webm-vorbis: bf7c407c2cedff20999df2af8eb42d56 -> 
========================================================================
Received Prepare
Registering precompiled user dll's ...
Registered in 0.008953 seconds.
Begin MonoManager ReloadAssembly
Native extension for OSXStandalone target not found
Refreshing native plugins compatible for Editor in 0.35 ms, found 2 plugins.
Preloading 0 native plugins for Editor in 0.00 ms.
Mono: successfully reloaded assembly
- Completed reload, in  1.701 seconds
Domain Reload Profiling:
	ReloadAssembly (1717ms)
		BeginReloadAssembly (497ms)
			ExecutionOrderSort (0ms)
			DisableScriptedObjects (41ms)
			BackupInstance (0ms)
			ReleaseScriptingObjects (1ms)
			CreateAndSetChildDomain (256ms)
		EndReloadAssembly (1119ms)
			LoadAssemblies (177ms)
			RebuildTransferFunctionScriptingTraits (0ms)
			SetupTypeCache (448ms)
			ReleaseScriptCaches (3ms)
			RebuildScriptCaches (55ms)
			SetupLoadedEditorAssemblies (364ms)
				LogAssemblyErrors (0ms)
				InitializePlatformSupportModulesInManaged (6ms)
				SetLoadedEditorAssemblies (1ms)
				RefreshPlugins (0ms)
				BeforeProcessingInitializeOnLoad (102ms)
				ProcessInitializeOnLoadAttributes (242ms)
				ProcessInitializeOnLoadMethodAttributes (11ms)
				AfterProcessingInitializeOnLoad (1ms)
				EditorAssembliesLoaded (0ms)
			ExecutionOrderSort2 (0ms)
			AwakeInstancesAfterBackupRestoration (9ms)
Platform modules already initialized, skipping
Refreshing native plugins compatible for Editor in 0.38 ms, found 2 plugins.
Preloading 0 native plugins for Editor in 0.00 ms.
Unloading 1499 Unused Serialized files (Serialized files now loaded: 0)
System memory in use before: 222.2 MB.
System memory in use after: 222.3 MB.

Unloading 14 unused Assets to reduce memory usage. Loaded Objects now: 2069.
Total: 6.222890 ms (FindLiveObjects: 2.858072 ms CreateObjectMapping: 0.099002 ms MarkObjects: 3.143179 ms  DeleteObjects: 0.121612 ms)

AssetImportParameters requested are different than current active one (requested -> active):
  custom:video-decoder-ogg-theora: a1e56fd34408186e4bbccfd4996cb3dc -> 
  custom:container-muxer-webm: aa71ff27fc2769a1b78a27578f13a17b -> 
  custom:container-demuxer-webm: 4f35f7cbe854078d1ac9338744f61a02 -> 
  custom:container-demuxer-ogg: 62fdf1f143b41e24485cea50d1cbac27 -> 
  custom:video-encoder-webm-vp8: eb34c28f22e8b96e1ab97ce403110664 -> 
  custom:framework-osx-AVFoundation: e770b220cccbd017edd2c1fefb359320 -> 
  custom:video-decoder-webm-vp8: 9c59270c3fd7afecdb556c50c9e8de78 -> 
  custom:audio-decoder-ogg-vorbis: bf7c407c2cedff20999df2af8eb42d56 -> 
  custom:audio-encoder-webm-vorbis: bf7c407c2cedff20999df2af8eb42d56 -> 
========================================================================
Received Prepare
Registering precompiled user dll's ...
Registered in 0.011885 seconds.
Begin MonoManager ReloadAssembly
Native extension for OSXStandalone target not found
Refreshing native plugins compatible for Editor in 0.39 ms, found 2 plugins.
Preloading 0 native plugins for Editor in 0.00 ms.
Mono: successfully reloaded assembly
- Completed reload, in  1.501 seconds
Domain Reload Profiling:
	ReloadAssembly (1504ms)
		BeginReloadAssembly (338ms)
			ExecutionOrderSort (0ms)
			DisableScriptedObjects (15ms)
			BackupInstance (0ms)
			ReleaseScriptingObjects (0ms)
			CreateAndSetChildDomain (158ms)
		EndReloadAssembly (1085ms)
			LoadAssemblies (186ms)
			RebuildTransferFunctionScriptingTraits (0ms)
			SetupTypeCache (414ms)
			ReleaseScriptCaches (1ms)
			RebuildScriptCaches (55ms)
			SetupLoadedEditorAssemblies (371ms)
				LogAssemblyErrors (0ms)
				InitializePlatformSupportModulesInManaged (5ms)
				SetLoadedEditorAssemblies (1ms)
				RefreshPlugins (0ms)
				BeforeProcessingInitializeOnLoad (102ms)
				ProcessInitializeOnLoadAttributes (247ms)
				ProcessInitializeOnLoadMethodAttributes (14ms)
				AfterProcessingInitializeOnLoad (2ms)
				EditorAssembliesLoaded (0ms)
			ExecutionOrderSort2 (0ms)
			AwakeInstancesAfterBackupRestoration (8ms)
Platform modules already initialized, skipping
Refreshing native plugins compatible for Editor in 0.39 ms, found 2 plugins.
Preloading 0 native plugins for Editor in 0.00 ms.
Unloading 1499 Unused Serialized files (Serialized files now loaded: 0)
System memory in use before: 222.4 MB.
System memory in use after: 222.5 MB.

Unloading 14 unused Assets to reduce memory usage. Loaded Objects now: 2071.
Total: 2.872195 ms (FindLiveObjects: 0.184487 ms CreateObjectMapping: 0.050048 ms MarkObjects: 2.612623 ms  DeleteObjects: 0.024292 ms)

AssetImportParameters requested are different than current active one (requested -> active):
  custom:video-decoder-ogg-theora: a1e56fd34408186e4bbccfd4996cb3dc -> 
  custom:container-muxer-webm: aa71ff27fc2769a1b78a27578f13a17b -> 
  custom:container-demuxer-webm: 4f35f7cbe854078d1ac9338744f61a02 -> 
  custom:container-demuxer-ogg: 62fdf1f143b41e24485cea50d1cbac27 -> 
  custom:video-encoder-webm-vp8: eb34c28f22e8b96e1ab97ce403110664 -> 
  custom:framework-osx-AVFoundation: e770b220cccbd017edd2c1fefb359320 -> 
  custom:video-decoder-webm-vp8: 9c59270c3fd7afecdb556c50c9e8de78 -> 
  custom:audio-decoder-ogg-vorbis: bf7c407c2cedff20999df2af8eb42d56 -> 
  custom:audio-encoder-webm-vorbis: bf7c407c2cedff20999df2af8eb42d56 -> 
========================================================================
Received Prepare
Registering precompiled user dll's ...
Registered in 0.010178 seconds.
Begin MonoManager ReloadAssembly
Native extension for OSXStandalone target not found
Refreshing native plugins compatible for Editor in 0.41 ms, found 2 plugins.
Preloading 0 native plugins for Editor in 0.00 ms.
Mono: successfully reloaded assembly
- Completed reload, in  1.330 seconds
Domain Reload Profiling:
	ReloadAssembly (1331ms)
		BeginReloadAssembly (212ms)
			ExecutionOrderSort (0ms)
			DisableScriptedObjects (6ms)
			BackupInstance (0ms)
			ReleaseScriptingObjects (0ms)
			CreateAndSetChildDomain (78ms)
		EndReloadAssembly (1042ms)
			LoadAssemblies (175ms)
			RebuildTransferFunctionScriptingTraits (0ms)
			SetupTypeCache (382ms)
			ReleaseScriptCaches (1ms)
			RebuildScriptCaches (55ms)
			SetupLoadedEditorAssemblies (364ms)
				LogAssemblyErrors (0ms)
				InitializePlatformSupportModulesInManaged (5ms)
				SetLoadedEditorAssemblies (1ms)
				RefreshPlugins (0ms)
				BeforeProcessingInitializeOnLoad (98ms)
				ProcessInitializeOnLoadAttributes (244ms)
				ProcessInitializeOnLoadMethodAttributes (15ms)
				AfterProcessingInitializeOnLoad (1ms)
				EditorAssembliesLoaded (0ms)
			ExecutionOrderSort2 (0ms)
			AwakeInstancesAfterBackupRestoration (8ms)
Platform modules already initialized, skipping
Refreshing native plugins compatible for Editor in 0.37 ms, found 2 plugins.
Preloading 0 native plugins for Editor in 0.00 ms.
Unloading 1499 Unused Serialized files (Serialized files now loaded: 0)
System memory in use before: 222.5 MB.
System memory in use after: 222.7 MB.

Unloading 14 unused Assets to reduce memory usage. Loaded Objects now: 2073.
Total: 2.762438 ms (FindLiveObjects: 0.123634 ms CreateObjectMapping: 0.042431 ms MarkObjects: 2.573848 ms  DeleteObjects: 0.021672 ms)

AssetImportParameters requested are different than current active one (requested -> active):
  custom:video-decoder-ogg-theora: a1e56fd34408186e4bbccfd4996cb3dc -> 
  custom:container-muxer-webm: aa71ff27fc2769a1b78a27578f13a17b -> 
  custom:container-demuxer-webm: 4f35f7cbe854078d1ac9338744f61a02 -> 
  custom:container-demuxer-ogg: 62fdf1f143b41e24485cea50d1cbac27 -> 
  custom:video-encoder-webm-vp8: eb34c28f22e8b96e1ab97ce403110664 -> 
  custom:framework-osx-AVFoundation: e770b220cccbd017edd2c1fefb359320 -> 
  custom:video-decoder-webm-vp8: 9c59270c3fd7afecdb556c50c9e8de78 -> 
  custom:audio-decoder-ogg-vorbis: bf7c407c2cedff20999df2af8eb42d56 -> 
  custom:audio-encoder-webm-vorbis: bf7c407c2cedff20999df2af8eb42d56 -> 
========================================================================
Received Prepare
Registering precompiled user dll's ...
Registered in 0.007966 seconds.
Begin MonoManager ReloadAssembly
Native extension for OSXStandalone target not found
Refreshing native plugins compatible for Editor in 0.65 ms, found 2 plugins.
Preloading 0 native plugins for Editor in 0.00 ms.
Mono: successfully reloaded assembly
- Completed reload, in  1.718 seconds
Domain Reload Profiling:
	ReloadAssembly (1720ms)
		BeginReloadAssembly (318ms)
			ExecutionOrderSort (0ms)
			DisableScriptedObjects (11ms)
			BackupInstance (0ms)
			ReleaseScriptingObjects (0ms)
			CreateAndSetChildDomain (149ms)
		EndReloadAssembly (1324ms)
			LoadAssemblies (177ms)
			RebuildTransferFunctionScriptingTraits (0ms)
			SetupTypeCache (422ms)
			ReleaseScriptCaches (2ms)
			RebuildScriptCaches (69ms)
			SetupLoadedEditorAssemblies (521ms)
				LogAssemblyErrors (0ms)
				InitializePlatformSupportModulesInManaged (7ms)
				SetLoadedEditorAssemblies (1ms)
				RefreshPlugins (1ms)
				BeforeProcessingInitializeOnLoad (141ms)
				ProcessInitializeOnLoadAttributes (355ms)
				ProcessInitializeOnLoadMethodAttributes (15ms)
				AfterProcessingInitializeOnLoad (2ms)
				EditorAssembliesLoaded (0ms)
			ExecutionOrderSort2 (0ms)
			AwakeInstancesAfterBackupRestoration (14ms)
Platform modules already initialized, skipping
Refreshing native plugins compatible for Editor in 0.52 ms, found 2 plugins.
Preloading 0 native plugins for Editor in 0.00 ms.
Unloading 1499 Unused Serialized files (Serialized files now loaded: 0)
System memory in use before: 222.7 MB.
System memory in use after: 222.8 MB.

Unloading 14 unused Assets to reduce memory usage. Loaded Objects now: 2075.
Total: 3.788363 ms (FindLiveObjects: 0.178729 ms CreateObjectMapping: 0.048293 ms MarkObjects: 3.522661 ms  DeleteObjects: 0.037743 ms)

AssetImportParameters requested are different than current active one (requested -> active):
  custom:video-decoder-ogg-theora: a1e56fd34408186e4bbccfd4996cb3dc -> 
  custom:container-muxer-webm: aa71ff27fc2769a1b78a27578f13a17b -> 
  custom:container-demuxer-webm: 4f35f7cbe854078d1ac9338744f61a02 -> 
  custom:container-demuxer-ogg: 62fdf1f143b41e24485cea50d1cbac27 -> 
  custom:video-encoder-webm-vp8: eb34c28f22e8b96e1ab97ce403110664 -> 
  custom:framework-osx-AVFoundation: e770b220cccbd017edd2c1fefb359320 -> 
  custom:video-decoder-webm-vp8: 9c59270c3fd7afecdb556c50c9e8de78 -> 
  custom:audio-decoder-ogg-vorbis: bf7c407c2cedff20999df2af8eb42d56 -> 
  custom:audio-encoder-webm-vorbis: bf7c407c2cedff20999df2af8eb42d56 -> 
========================================================================
Received Prepare
Registering precompiled user dll's ...
Registered in 0.008734 seconds.
Begin MonoManager ReloadAssembly
Native extension for OSXStandalone target not found
Refreshing native plugins compatible for Editor in 1.44 ms, found 2 plugins.
Preloading 0 native plugins for Editor in 0.00 ms.
Mono: successfully reloaded assembly
- Completed reload, in  1.774 seconds
Domain Reload Profiling:
	ReloadAssembly (1776ms)
		BeginReloadAssembly (296ms)
			ExecutionOrderSort (0ms)
			DisableScriptedObjects (10ms)
			BackupInstance (0ms)
			ReleaseScriptingObjects (0ms)
			CreateAndSetChildDomain (123ms)
		EndReloadAssembly (1378ms)
			LoadAssemblies (219ms)
			RebuildTransferFunctionScriptingTraits (0ms)
			SetupTypeCache (513ms)
			ReleaseScriptCaches (2ms)
			RebuildScriptCaches (70ms)
			SetupLoadedEditorAssemblies (469ms)
				LogAssemblyErrors (0ms)
				InitializePlatformSupportModulesInManaged (6ms)
				SetLoadedEditorAssemblies (1ms)
				RefreshPlugins (1ms)
				BeforeProcessingInitializeOnLoad (132ms)
				ProcessInitializeOnLoadAttributes (311ms)
				ProcessInitializeOnLoadMethodAttributes (15ms)
				AfterProcessingInitializeOnLoad (1ms)
				EditorAssembliesLoaded (0ms)
			ExecutionOrderSort2 (0ms)
			AwakeInstancesAfterBackupRestoration (13ms)
Platform modules already initialized, skipping
Refreshing native plugins compatible for Editor in 0.47 ms, found 2 plugins.
Preloading 0 native plugins for Editor in 0.00 ms.
Unloading 1499 Unused Serialized files (Serialized files now loaded: 0)
System memory in use before: 222.9 MB.
System memory in use after: 223.0 MB.

Unloading 14 unused Assets to reduce memory usage. Loaded Objects now: 2077.
Total: 5.940797 ms (FindLiveObjects: 0.450817 ms CreateObjectMapping: 0.137000 ms MarkObjects: 5.306208 ms  DeleteObjects: 0.045227 ms)

AssetImportParameters requested are different than current active one (requested -> active):
  custom:video-decoder-ogg-theora: a1e56fd34408186e4bbccfd4996cb3dc -> 
  custom:container-muxer-webm: aa71ff27fc2769a1b78a27578f13a17b -> 
  custom:container-demuxer-webm: 4f35f7cbe854078d1ac9338744f61a02 -> 
  custom:container-demuxer-ogg: 62fdf1f143b41e24485cea50d1cbac27 -> 
  custom:video-encoder-webm-vp8: eb34c28f22e8b96e1ab97ce403110664 -> 
  custom:framework-osx-AVFoundation: e770b220cccbd017edd2c1fefb359320 -> 
  custom:video-decoder-webm-vp8: 9c59270c3fd7afecdb556c50c9e8de78 -> 
  custom:audio-decoder-ogg-vorbis: bf7c407c2cedff20999df2af8eb42d56 -> 
  custom:audio-encoder-webm-vorbis: bf7c407c2cedff20999df2af8eb42d56 -> 
========================================================================
Received Import Request.
  Time since last request: 24645.969222 seconds.
  path: Assets/Prefabs/Cube.prefab
  artifactKey: Guid(8846103adfdad435295c8cd3175b14d9) Importer(815301076,1909f56bfc062723c751e8b465ee728b)
Start importing Assets/Prefabs/Cube.prefab using Guid(8846103adfdad435295c8cd3175b14d9) Importer(815301076,1909f56bfc062723c751e8b465ee728b)  -> (artifact id: '7a0e8abc89dc330dbb9a1bfa44c263e7') in 0.508225 seconds 
  Import took 0.521772 seconds .

